gcc -c -O0 -Wall -DGKICK_LIB_LOG_LEVEL_TRACE -DGKICK_LIB_LOG_FUNCTION src/geonkick.c
src/geonkick.c:1:2: error: stray ‘#’ in program
 s#include "geonkick_internal.h"
  ^
src/geonkick.c:1:1: error: unknown type name ‘s’
 s#include "geonkick_internal.h"
 ^
src/geonkick.c:1:11: error: expected ‘=’, ‘,’, ‘;’, ‘asm’ or ‘__attribute__’ before string constant
 s#include "geonkick_internal.h"
           ^
In file included from /usr/include/stdio.h:74:0,
                 from src/geonkick.h:8,
                 from src/geonkick_internal.h:4,
                 from src/oscillator.h:21,
                 from src/geonkick.c:2:
/usr/include/libio.h:306:3: error: unknown type name ‘size_t’
   size_t __pad5;
   ^
/usr/include/libio.h:310:67: error: ‘size_t’ undeclared here (not in a function)
   char _unused2[15 * sizeof (int) - 4 * sizeof (void *) - sizeof (size_t)];
                                                                   ^
/usr/include/libio.h:338:62: error: expected declaration specifiers or ‘...’ before ‘size_t’
 typedef __ssize_t __io_read_fn (void *__cookie, char *__buf, size_t __nbytes);
                                                              ^
/usr/include/libio.h:347:6: error: expected declaration specifiers or ‘...’ before ‘size_t’
      size_t __n);
      ^
/usr/include/libio.h:469:19: error: expected ‘=’, ‘,’, ‘;’, ‘asm’ or ‘__attribute__’ before ‘_IO_sgetn’
 extern _IO_size_t _IO_sgetn (_IO_FILE *, void *, _IO_size_t);
                   ^
In file included from src/geonkick.h:8:0,
                 from src/geonkick_internal.h:4,
                 from src/oscillator.h:21,
                 from src/geonkick.c:2:
/usr/include/stdio.h:319:35: error: expected declaration specifiers or ‘...’ before ‘size_t’
 extern FILE *fmemopen (void *__s, size_t __len, const char *__modes)
                                   ^
/usr/include/stdio.h:325:47: error: expected declaration specifiers or ‘...’ before ‘size_t’
 extern FILE *open_memstream (char **__bufloc, size_t *__sizeloc) __THROW __wur;
                                               ^
/usr/include/stdio.h:337:20: error: expected declaration specifiers or ‘...’ before ‘size_t’
       int __modes, size_t __n) __THROW;
                    ^
/usr/include/stdio.h:344:10: error: expected declaration specifiers or ‘...’ before ‘size_t’
          size_t __size) __THROW;
          ^
/usr/include/stdio.h:386:44: error: expected declaration specifiers or ‘...’ before ‘size_t’
 extern int snprintf (char *__restrict __s, size_t __maxlen,
                                            ^
/usr/include/stdio.h:390:45: error: expected declaration specifiers or ‘...’ before ‘size_t’
 extern int vsnprintf (char *__restrict __s, size_t __maxlen,
                                             ^
/usr/include/stdio.h:666:11: error: expected declaration specifiers or ‘...’ before ‘size_t’
           size_t *__restrict __n, int __delimiter,
           ^
/usr/include/stdio.h:669:9: error: expected declaration specifiers or ‘...’ before ‘size_t’
         size_t *__restrict __n, int __delimiter,
         ^
/usr/include/stdio.h:679:8: error: expected declaration specifiers or ‘...’ before ‘size_t’
        size_t *__restrict __n,
        ^
/usr/include/stdio.h:709:15: error: expected ‘=’, ‘,’, ‘;’, ‘asm’ or ‘__attribute__’ before ‘fread’
 extern size_t fread (void *__restrict __ptr, size_t __size,
               ^
/usr/include/stdio.h:715:15: error: expected ‘=’, ‘,’, ‘;’, ‘asm’ or ‘__attribute__’ before ‘fwrite’
 extern size_t fwrite (const void *__restrict __ptr, size_t __size,
               ^
/usr/include/stdio.h:737:15: error: expected ‘=’, ‘,’, ‘;’, ‘asm’ or ‘__attribute__’ before ‘fread_unlocked’
 extern size_t fread_unlocked (void *__restrict __ptr, size_t __size,
               ^
/usr/include/stdio.h:739:15: error: expected ‘=’, ‘,’, ‘;’, ‘asm’ or ‘__attribute__’ before ‘fwrite_unlocked’
 extern size_t fwrite_unlocked (const void *__restrict __ptr, size_t __size,
               ^
In file included from src/geonkick.h:10:0,
                 from src/geonkick_internal.h:4,
                 from src/oscillator.h:21,
                 from src/geonkick.c:2:
/usr/include/unistd.h:360:45: error: expected declaration specifiers or ‘...’ before ‘size_t’
 extern ssize_t read (int __fd, void *__buf, size_t __nbytes) __wur;
                                             ^
/usr/include/unistd.h:366:52: error: expected declaration specifiers or ‘...’ before ‘size_t’
 extern ssize_t write (int __fd, const void *__buf, size_t __n) __wur;
                                                    ^
/usr/include/unistd.h:376:46: error: expected declaration specifiers or ‘...’ before ‘size_t’
 extern ssize_t pread (int __fd, void *__buf, size_t __nbytes,
                                              ^
/usr/include/unistd.h:384:53: error: expected declaration specifiers or ‘...’ before ‘size_t’
 extern ssize_t pwrite (int __fd, const void *__buf, size_t __n,
                                                     ^
/usr/include/unistd.h:511:35: error: expected declaration specifiers or ‘...’ before ‘size_t’
 extern char *getcwd (char *__buf, size_t __size) __THROW __wur;
                                   ^
In file included from src/geonkick.h:10:0,
                 from src/geonkick_internal.h:4,
                 from src/oscillator.h:21,
                 from src/geonkick.c:2:
/usr/include/unistd.h:623:15: error: expected ‘=’, ‘,’, ‘;’, ‘asm’ or ‘__attribute__’ before ‘confstr’
 extern size_t confstr (int __name, char *__buf, size_t __len) __THROW;
               ^
/usr/include/unistd.h:774:46: error: expected declaration specifiers or ‘...’ before ‘size_t’
 extern int ttyname_r (int __fd, char *__buf, size_t __buflen)
                                              ^
/usr/include/unistd.h:810:29: error: expected declaration specifiers or ‘...’ before ‘size_t’
     char *__restrict __buf, size_t __len)
                             ^
/usr/include/unistd.h:821:31: error: expected declaration specifiers or ‘...’ before ‘size_t’
       char *__restrict __buf, size_t __len)
                               ^
/usr/include/unistd.h:857:38: error: expected declaration specifiers or ‘...’ before ‘size_t’
 extern int getlogin_r (char *__name, size_t __name_len) __nonnull ((1));
                                      ^
In file included from src/geonkick.h:10:0,
                 from src/geonkick_internal.h:4,
                 from src/oscillator.h:21,
                 from src/geonkick.c:2:
/usr/include/unistd.h:879:39: error: expected declaration specifiers or ‘...’ before ‘size_t’
 extern int gethostname (char *__name, size_t __len) __THROW __nonnull ((1));
                                       ^
/usr/include/unistd.h:886:45: error: expected declaration specifiers or ‘...’ before ‘size_t’
 extern int sethostname (const char *__name, size_t __len)
                                             ^
/usr/include/unistd.h:897:41: error: expected declaration specifiers or ‘...’ before ‘size_t’
 extern int getdomainname (char *__name, size_t __len)
                                         ^
/usr/include/unistd.h:899:47: error: expected declaration specifiers or ‘...’ before ‘size_t’
 extern int setdomainname (const char *__name, size_t __len)
                                               ^
/usr/include/unistd.h:917:57: error: expected declaration specifiers or ‘...’ before ‘size_t’
 extern int profil (unsigned short int *__sample_buffer, size_t __size,
                                                         ^
/usr/include/unistd.h:918:6: error: expected declaration specifiers or ‘...’ before ‘size_t’
      size_t __offset, unsigned int __scale)
      ^
In file included from src/geonkick.h:11:0,
                 from src/geonkick_internal.h:4,
                 from src/oscillator.h:21,
                 from src/geonkick.c:2:
/usr/include/stdlib.h:139:15: error: expected ‘=’, ‘,’, ‘;’, ‘asm’ or ‘__attribute__’ before ‘__ctype_get_mb_cur_max’
 extern size_t __ctype_get_mb_cur_max (void) __THROW __wur;
               ^
In file included from src/geonkick.h:11:0,
                 from src/geonkick_internal.h:4,
                 from src/oscillator.h:21,
                 from src/geonkick.c:2:
/usr/include/stdlib.h:331:4: error: expected declaration specifiers or ‘...’ before ‘size_t’
    size_t __statelen) __THROW __nonnull ((2));
    ^
/usr/include/stdlib.h:361:4: error: expected declaration specifiers or ‘...’ before ‘size_t’
    size_t __statelen,
    ^
/usr/include/stdlib.h:466:22: error: expected declaration specifiers or ‘...’ before ‘size_t’
 extern void *malloc (size_t __size) __THROW __attribute_malloc__ __wur;
                      ^
/usr/include/stdlib.h:468:22: error: expected declaration specifiers or ‘...’ before ‘size_t’
 extern void *calloc (size_t __nmemb, size_t __size)
                      ^
/usr/include/stdlib.h:468:38: error: expected declaration specifiers or ‘...’ before ‘size_t’
 extern void *calloc (size_t __nmemb, size_t __size)
                                      ^
/usr/include/stdlib.h:480:36: error: expected declaration specifiers or ‘...’ before ‘size_t’
 extern void *realloc (void *__ptr, size_t __size)
                                    ^
In file included from /usr/include/stdlib.h:492:0,
                 from src/geonkick.h:11,
                 from src/geonkick_internal.h:4,
                 from src/oscillator.h:21,
                 from src/geonkick.c:2:
/usr/include/alloca.h:32:22: error: expected declaration specifiers or ‘...’ before ‘size_t’
 extern void *alloca (size_t __size) __THROW;
                      ^
In file included from src/geonkick.h:11:0,
                 from src/geonkick_internal.h:4,
                 from src/oscillator.h:21,
                 from src/geonkick.c:2:
/usr/include/stdlib.h:498:22: error: expected declaration specifiers or ‘...’ before ‘size_t’
 extern void *valloc (size_t __size) __THROW __attribute_malloc__ __wur;
                      ^
/usr/include/stdlib.h:503:45: error: expected declaration specifiers or ‘...’ before ‘size_t’
 extern int posix_memalign (void **__memptr, size_t __alignment, size_t __size)
                                             ^
/usr/include/stdlib.h:503:65: error: expected declaration specifiers or ‘...’ before ‘size_t’
 extern int posix_memalign (void **__memptr, size_t __alignment, size_t __size)
                                                                 ^
/usr/include/stdlib.h:756:9: error: expected declaration specifiers or ‘...’ before ‘size_t’
         size_t __nmemb, size_t __size, __compar_fn_t __compar)
         ^
/usr/include/stdlib.h:756:25: error: expected declaration specifiers or ‘...’ before ‘size_t’
         size_t __nmemb, size_t __size, __compar_fn_t __compar)
                         ^
/usr/include/stdlib.h:765:34: error: expected declaration specifiers or ‘...’ before ‘size_t’
 extern void qsort (void *__base, size_t __nmemb, size_t __size,
                                  ^
/usr/include/stdlib.h:765:50: error: expected declaration specifiers or ‘...’ before ‘size_t’
 extern void qsort (void *__base, size_t __nmemb, size_t __size,
                                                  ^
/usr/include/stdlib.h:844:6: error: expected declaration specifiers or ‘...’ before ‘size_t’
      size_t __len) __THROW __nonnull ((3, 4, 5));
      ^
/usr/include/stdlib.h:847:6: error: expected declaration specifiers or ‘...’ before ‘size_t’
      size_t __len) __THROW __nonnull ((3, 4, 5));
      ^
/usr/include/stdlib.h:851:31: error: expected declaration specifiers or ‘...’ before ‘size_t’
       char *__restrict __buf, size_t __len)
                               ^
/usr/include/stdlib.h:855:31: error: expected declaration specifiers or ‘...’ before ‘size_t’
       char *__restrict __buf, size_t __len)
                               ^
/usr/include/stdlib.h:863:36: error: expected declaration specifiers or ‘...’ before ‘size_t’
 extern int mblen (const char *__s, size_t __n) __THROW;
                                    ^
/usr/include/stdlib.h:867:34: error: expected declaration specifiers or ‘...’ before ‘size_t’
      const char *__restrict __s, size_t __n) __THROW;
                                  ^
/usr/include/stdlib.h:874:15: error: expected ‘=’, ‘,’, ‘;’, ‘asm’ or ‘__attribute__’ before ‘mbstowcs’
 extern size_t mbstowcs (wchar_t *__restrict  __pwcs,
               ^
/usr/include/stdlib.h:877:15: error: expected ‘=’, ‘,’, ‘;’, ‘asm’ or ‘__attribute__’ before ‘wcstombs’
 extern size_t wcstombs (char *__restrict __s,
               ^
In file included from src/geonkick.h:12:0,
                 from src/geonkick_internal.h:4,
                 from src/oscillator.h:21,
                 from src/geonkick.c:2:
/usr/include/string.h:47:8: error: expected declaration specifiers or ‘...’ before ‘size_t’
        size_t __n) __THROW __nonnull ((1, 2));
        ^
/usr/include/string.h:50:56: error: expected declaration specifiers or ‘...’ before ‘size_t’
 extern void *memmove (void *__dest, const void *__src, size_t __n)
                                                        ^
/usr/include/string.h:59:18: error: expected declaration specifiers or ‘...’ before ‘size_t’
         int __c, size_t __n)
                  ^
/usr/include/string.h:66:42: error: expected declaration specifiers or ‘...’ before ‘size_t’
 extern void *memset (void *__s, int __c, size_t __n) __THROW __nonnull ((1));
                                          ^
/usr/include/string.h:69:56: error: expected declaration specifiers or ‘...’ before ‘size_t’
 extern int memcmp (const void *__s1, const void *__s2, size_t __n)
                                                        ^
/usr/include/string.h:96:48: error: expected declaration specifiers or ‘...’ before ‘size_t’
 extern void *memchr (const void *__s, int __c, size_t __n)
                                                ^
/usr/include/string.h:133:39: error: expected declaration specifiers or ‘...’ before ‘size_t’
         const char *__restrict __src, size_t __n)
                                       ^
/usr/include/string.h:141:9: error: expected declaration specifiers or ‘...’ before ‘size_t’
         size_t __n) __THROW __nonnull ((1, 2));
         ^
/usr/include/string.h:147:57: error: expected declaration specifiers or ‘...’ before ‘size_t’
 extern int strncmp (const char *__s1, const char *__s2, size_t __n)
                                                         ^
/usr/include/string.h:154:15: error: expected ‘=’, ‘,’, ‘;’, ‘asm’ or ‘__attribute__’ before ‘strxfrm’
 extern size_t strxfrm (char *__restrict __dest,
               ^
In file included from src/geonkick.h:12:0,
                 from src/geonkick_internal.h:4,
                 from src/oscillator.h:21,
                 from src/geonkick.c:2:
/usr/include/string.h:169:15: error: expected ‘=’, ‘,’, ‘;’, ‘asm’ or ‘__attribute__’ before ‘strxfrm_l’
 extern size_t strxfrm_l (char *__dest, const char *__src, size_t __n,
               ^
/usr/include/string.h:184:45: error: expected declaration specifiers or ‘...’ before ‘size_t’
 extern char *strndup (const char *__string, size_t __n)
                                             ^
/usr/include/string.h:285:15: error: expected ‘=’, ‘,’, ‘;’, ‘asm’ or ‘__attribute__’ before ‘strcspn’
 extern size_t strcspn (const char *__s, const char *__reject)
               ^
/usr/include/string.h:289:15: error: expected ‘=’, ‘,’, ‘;’, ‘asm’ or ‘__attribute__’ before ‘strspn’
 extern size_t strspn (const char *__s, const char *__accept)
               ^
/usr/include/string.h:399:15: error: expected ‘=’, ‘,’, ‘;’, ‘asm’ or ‘__attribute__’ before ‘strlen’
 extern size_t strlen (const char *__s)
               ^
/usr/include/string.h:406:15: error: expected ‘=’, ‘,’, ‘;’, ‘asm’ or ‘__attribute__’ before ‘strnlen’
 extern size_t strnlen (const char *__string, size_t __maxlen)
               ^
In file included from /usr/include/features.h:374:0,
                 from /usr/include/stdio.h:27,
                 from src/geonkick.h:8,
                 from src/geonkick_internal.h:4,
                 from src/oscillator.h:21,
                 from src/geonkick.c:2:
/usr/include/string.h:427:12: error: expected declaration specifiers or ‘...’ before ‘size_t’
 extern int __REDIRECT_NTH (strerror_r,
            ^
In file included from src/geonkick.h:12:0,
                 from src/geonkick_internal.h:4,
                 from src/oscillator.h:21,
                 from src/geonkick.c:2:
/usr/include/string.h:451:33: error: expected declaration specifiers or ‘...’ before ‘size_t’
 extern void __bzero (void *__s, size_t __n) __THROW __nonnull ((1));
                                 ^
/usr/include/string.h:455:53: error: expected declaration specifiers or ‘...’ before ‘size_t’
 extern void bcopy (const void *__src, void *__dest, size_t __n)
                                                     ^
/usr/include/string.h:459:31: error: expected declaration specifiers or ‘...’ before ‘size_t’
 extern void bzero (void *__s, size_t __n) __THROW __nonnull ((1));
                               ^
/usr/include/string.h:462:54: error: expected declaration specifiers or ‘...’ before ‘size_t’
 extern int bcmp (const void *__s1, const void *__s2, size_t __n)
                                                      ^
/usr/include/string.h:538:61: error: expected declaration specifiers or ‘...’ before ‘size_t’
 extern int strncasecmp (const char *__s1, const char *__s2, size_t __n)
                                                             ^
/usr/include/string.h:575:34: error: expected declaration specifiers or ‘...’ before ‘size_t’
    const char *__restrict __src, size_t __n)
                                  ^
/usr/include/string.h:578:39: error: expected declaration specifiers or ‘...’ before ‘size_t’
         const char *__restrict __src, size_t __n)
                                       ^
In file included from /usr/include/signal.h:349:0,
                 from src/geonkick.h:13,
                 from src/geonkick_internal.h:4,
                 from src/oscillator.h:21,
                 from src/geonkick.c:2:
/usr/include/x86_64-linux-gnu/bits/sigstack.h:53:5: error: expected specifier-qualifier-list before ‘size_t’
     size_t ss_size;
     ^
In file included from src/geonkick_internal.h:4:0,
                 from src/oscillator.h:21,
                 from src/geonkick.c:2:
src/geonkick.h:48:1: error: unknown type name ‘size_t’
 size_t
 ^
src/geonkick.h:53:6: error: expected declaration specifiers or ‘...’ before ‘size_t’
      size_t osc_index,
      ^
src/geonkick.h:54:6: error: expected declaration specifiers or ‘...’ before ‘size_t’
      size_t env_index,
      ^
src/geonkick.h:56:6: error: expected declaration specifiers or ‘...’ before ‘size_t’
      size_t *npoints);    
      ^
src/geonkick.h:60:5: error: expected declaration specifiers or ‘...’ before ‘size_t’
     size_t index);
     ^
src/geonkick.h:64:5: error: expected declaration specifiers or ‘...’ before ‘size_t’
     size_t osc_index,
     ^
src/geonkick.h:65:5: error: expected declaration specifiers or ‘...’ before ‘size_t’
     size_t env_index,
     ^
src/geonkick.h:71:8: error: expected declaration specifiers or ‘...’ before ‘size_t’
        size_t osc_index,
        ^
src/geonkick.h:72:8: error: expected declaration specifiers or ‘...’ before ‘size_t’
        size_t env_index,
        ^
src/geonkick.h:73:8: error: expected declaration specifiers or ‘...’ before ‘size_t’
        size_t index);
        ^
src/geonkick.h:76:8: error: expected declaration specifiers or ‘...’ before ‘size_t’
        size_t osc_index,
        ^
src/geonkick.h:77:8: error: expected declaration specifiers or ‘...’ before ‘size_t’
        size_t env_index,
        ^
src/geonkick.h:78:10: error: expected declaration specifiers or ‘...’ before ‘size_t’
          size_t index,
          ^
In file included from /usr/include/sched.h:41:0,
                 from /usr/include/pthread.h:23,
                 from /usr/include/jack/systemdeps.h:112,
                 from /usr/include/jack/jack.h:29,
                 from src/gkick_jack.h:6,
                 from src/geonkick_internal.h:5,
                 from src/oscillator.h:21,
                 from src/geonkick.c:2:
/usr/include/x86_64-linux-gnu/bits/sched.h:203:30: error: expected declaration specifiers or ‘...’ before ‘size_t’
 extern int __sched_cpucount (size_t __setsize, const cpu_set_t *__setp)
                              ^
/usr/include/x86_64-linux-gnu/bits/sched.h:205:37: error: expected declaration specifiers or ‘...’ before ‘size_t’
 extern cpu_set_t *__sched_cpualloc (size_t __count) __THROW __wur;
                                     ^
In file included from /usr/include/pthread.h:24:0,
                 from /usr/include/jack/systemdeps.h:112,
                 from /usr/include/jack/jack.h:29,
                 from src/gkick_jack.h:6,
                 from src/geonkick_internal.h:5,
                 from src/oscillator.h:21,
                 from src/geonkick.c:2:
/usr/include/time.h:205:15: error: expected ‘=’, ‘,’, ‘;’, ‘asm’ or ‘__attribute__’ before ‘strftime’
 extern size_t strftime (char *__restrict __s, size_t __maxsize,
               ^
/usr/include/time.h:223:15: error: expected ‘=’, ‘,’, ‘;’, ‘asm’ or ‘__attribute__’ before ‘strftime_l’
 extern size_t strftime_l (char *__restrict __s, size_t __maxsize,
               ^
In file included from /usr/include/jack/systemdeps.h:112:0,
                 from /usr/include/jack/jack.h:29,
                 from src/gkick_jack.h:6,
                 from src/geonkick_internal.h:5,
                 from src/oscillator.h:21,
                 from src/geonkick.c:2:
/usr/include/pthread.h:317:11: error: expected declaration specifiers or ‘...’ before ‘size_t’
           size_t *__guardsize)
           ^
/usr/include/pthread.h:322:11: error: expected declaration specifiers or ‘...’ before ‘size_t’
           size_t __guardsize)
           ^
/usr/include/pthread.h:380:19: error: expected declaration specifiers or ‘...’ before ‘size_t’
           __attr, size_t *__restrict __stacksize)
                   ^
/usr/include/pthread.h:387:11: error: expected declaration specifiers or ‘...’ before ‘size_t’
           size_t __stacksize)
           ^
/usr/include/pthread.h:394:7: error: expected declaration specifiers or ‘...’ before ‘size_t’
       size_t *__restrict __stacksize)
       ^
/usr/include/pthread.h:401:7: error: expected declaration specifiers or ‘...’ before ‘size_t’
       size_t __stacksize) __THROW __nonnull ((1));
       ^
In file included from src/gkick_jack.h:6:0,
                 from src/geonkick_internal.h:5,
                 from src/oscillator.h:21,
                 from src/geonkick.c:2:
/usr/include/jack/jack.h:1031:1: error: unknown type name ‘size_t’
 size_t jack_port_type_get_buffer_size (jack_client_t *client, const char *port_type) JACK_WEAK_EXPORT;
 ^
In file included from src/gkick_jack.h:7:0,
                 from src/geonkick_internal.h:5,
                 from src/oscillator.h:21,
                 from src/geonkick.c:2:
/usr/include/jack/midiport.h:41:2: error: expected specifier-qualifier-list before ‘size_t’
  size_t            size;   /**< Number of bytes of data in \a buffer */
  ^
/usr/include/jack/midiport.h:107:1: error: unknown type name ‘size_t’
 size_t
 ^
/usr/include/jack/midiport.h:133:25: error: expected declaration specifiers or ‘...’ before ‘size_t’
                         size_t data_size) JACK_OPTIONAL_WEAK_EXPORT;
                         ^
/usr/include/jack/midiport.h:161:23: error: expected declaration specifiers or ‘...’ before ‘size_t’
                       size_t data_size) JACK_OPTIONAL_WEAK_EXPORT;
                       ^
In file included from src/oscillator.h:21:0,
                 from src/geonkick.c:2:
src/geonkick_internal.h:14:3: error: expected specifier-qualifier-list before ‘size_t’
   size_t oscillators_number;
   ^
src/geonkick_internal.h:28:48: error: expected declaration specifiers or ‘...’ before ‘size_t’
 geonkick_get_oscillator(struct geonkick *kick, size_t index);
                                                ^
In file included from src/oscillator.h:22:0,
                 from src/geonkick.c:2:
src/envelope.h:31:2: error: expected specifier-qualifier-list before ‘size_t’
  size_t npoints;
  ^
src/envelope.h:59:6: error: expected declaration specifiers or ‘...’ before ‘size_t’
      size_t *npoints);
      ^
src/envelope.h:62:57: error: expected declaration specifiers or ‘...’ before ‘size_t’
 gkick_envelope_remove_point(struct gkick_envelope *env, size_t index);
                                                         ^
src/envelope.h:66:8: error: expected declaration specifiers or ‘...’ before ‘size_t’
        size_t index,
        ^
In file included from src/geonkick.c:2:0:
src/oscillator.h:42:3: error: expected specifier-qualifier-list before ‘size_t’
   size_t env_number;
   ^
src/oscillator.h:70:10: error: expected declaration specifiers or ‘...’ before ‘size_t’
          size_t env_index,
          ^
src/oscillator.h:72:10: error: expected declaration specifiers or ‘...’ before ‘size_t’
          size_t *npoints);
          ^
src/geonkick.c: In function ‘geonkick_create’:
src/geonkick.c:11:18: warning: implicit declaration of function ‘malloc’ [-Wimplicit-function-declaration]
  *kick = (struct geonkick*)malloc(sizeof(struct geonkick));
                  ^
src/geonkick.c:11:28: warning: incompatible implicit declaration of built-in function ‘malloc’
  *kick = (struct geonkick*)malloc(sizeof(struct geonkick));
                            ^
src/geonkick.c:15:2: warning: implicit declaration of function ‘memset’ [-Wimplicit-function-declaration]
  memset(*kick, 0, sizeof(struct geonkick));
  ^
src/geonkick.c:15:2: warning: incompatible implicit declaration of built-in function ‘memset’
src/geonkick.c:19:9: error: ‘struct geonkick’ has no member named ‘oscillators_number’
  (*kick)->oscillators_number = 2;
         ^
src/geonkick.c: In function ‘geonkick_free’:
src/geonkick.c:43:10: error: expected ‘;’ before ‘i’
   size_t i;
          ^
src/geonkick.c:53:28: error: ‘struct geonkick’ has no member named ‘jack’
   gkick_jack_free(&((*kick)->jack));
                            ^
src/geonkick.c:56:10: error: ‘i’ undeclared (first use in this function)
     for (i = 0; i < (*kick)->oscillators_number; i++) {
          ^
src/geonkick.c:56:10: note: each undeclared identifier is reported only once for each function it appears in
src/geonkick.c:56:28: error: ‘struct geonkick’ has no member named ‘oscillators_number’
     for (i = 0; i < (*kick)->oscillators_number; i++) {
                            ^
src/geonkick.c: At top level:
src/geonkick.c:69:1: error: unknown type name ‘size_t’
 size_t
 ^
src/geonkick.c: In function ‘geonkick_get_oscillators_number’:
src/geonkick.c:72:10: error: expected ‘;’ before ‘n’
   size_t n;
          ^
src/geonkick.c:80:3: error: ‘n’ undeclared (first use in this function)
   n = kick->oscillators_number;
   ^
src/geonkick.c:80:11: error: ‘struct geonkick’ has no member named ‘oscillators_number’
   n = kick->oscillators_number;
           ^
src/geonkick.c: In function ‘gkick_create_oscillators’:
src/geonkick.c:90:10: error: expected ‘;’ before ‘size’
   size_t size;
          ^
src/geonkick.c:91:10: error: expected ‘;’ before ‘i’
   size_t i;
          ^
src/geonkick.c:94:3: error: ‘size’ undeclared (first use in this function)
   size = sizeof(struct gkick_oscillator*)
   ^
src/geonkick.c:95:11: error: ‘struct geonkick’ has no member named ‘oscillators_number’
     * kick->oscillators_number;
           ^
src/geonkick.c:96:50: warning: incompatible implicit declaration of built-in function ‘malloc’
   kick->oscillators = (struct gkick_oscillator**)malloc(size);
                                                  ^
src/geonkick.c:101:3: warning: incompatible implicit declaration of built-in function ‘memset’
   memset(kick->oscillators, 0, size);
   ^
src/geonkick.c:103:8: error: ‘i’ undeclared (first use in this function)
   for (i = 0; i < kick->oscillators_number; i++) {
        ^
src/geonkick.c:103:23: error: ‘struct geonkick’ has no member named ‘oscillators_number’
   for (i = 0; i < kick->oscillators_number; i++) {
                       ^
src/geonkick.c: At top level:
src/geonkick.c:124:5: error: expected declaration specifiers or ‘...’ before ‘size_t’
     size_t index)
     ^
src/geonkick.c:131:5: error: expected declaration specifiers or ‘...’ before ‘size_t’
     size_t osc_index,
     ^
src/geonkick.c:132:5: error: expected declaration specifiers or ‘...’ before ‘size_t’
     size_t env_index,
     ^
src/geonkick.c:177:11: error: expected declaration specifiers or ‘...’ before ‘size_t’
           size_t index,
           ^
src/geonkick.c: In function ‘geonkick_get_oscillators_value’:
src/geonkick.c:187:10: error: expected ‘;’ before ‘i’
   size_t i;
          ^
src/geonkick.c:191:8: error: ‘i’ undeclared (first use in this function)
   for (i = 0; i < kick->oscillators_number; i++) {
        ^
src/geonkick.c:191:23: error: ‘struct geonkick’ has no member named ‘oscillators_number’
   for (i = 0; i < kick->oscillators_number; i++) {
                       ^
src/geonkick.c: At top level:
src/geonkick.c:210:6: error: expected declaration specifiers or ‘...’ before ‘size_t’
      size_t osc_index,
      ^
src/geonkick.c:211:6: error: expected declaration specifiers or ‘...’ before ‘size_t’
      size_t env_index,
      ^
src/geonkick.c:213:6: error: expected declaration specifiers or ‘...’ before ‘size_t’
      size_t *npoints)
      ^
src/geonkick.c:239:48: error: expected declaration specifiers or ‘...’ before ‘size_t’
 geonkick_get_oscillator(struct geonkick *kick, size_t index)
                                                ^
src/geonkick.c:265:8: error: expected declaration specifiers or ‘...’ before ‘size_t’
        size_t osc_index,
        ^
src/geonkick.c:266:8: error: expected declaration specifiers or ‘...’ before ‘size_t’
        size_t env_index,
        ^
src/geonkick.c:267:8: error: expected declaration specifiers or ‘...’ before ‘size_t’
        size_t index)
        ^
src/geonkick.c:303:8: error: expected declaration specifiers or ‘...’ before ‘size_t’
        size_t osc_index,
        ^
src/geonkick.c:304:8: error: expected declaration specifiers or ‘...’ before ‘size_t’
        size_t env_index,
        ^
src/geonkick.c:305:10: error: expected declaration specifiers or ‘...’ before ‘size_t’
          size_t index,
          ^
src/geonkick.c: In function ‘geonkick_get_oscillators_number’:
src/geonkick.c:85:1: warning: control reaches end of non-void function [-Wreturn-type]
 }
 ^
Makefile:20: recipe for target 'geonkick.o' failed
make: *** [geonkick.o] Error 1
